<testsuite failures="0" name="src/test/java/features/postjson.feature" skipped="0" tests="1" time="1.793809">
  <testcase classname="src.test.java.features.postjson" name="Create a user with the given data" time="1.793809">
    <system-out>* url 'https://gorest.co.in' .............................................. passed
* def random_string = ..................................................... passed
* def randomString = random_string(10) .................................... passed
* def requestPayload = read('classpath:src/test/resources/user.json') ..... passed
* set requestPayload.email = randomString + "@gmail.com" .................. passed
* print requestPayload .................................................... passed
Given path '/public/v1/users' ............................................. passed
And request requestPayload ................................................ passed
And header Authorization = 'Bearer ' + tokenID ............................ passed
When method post .......................................................... passed
Then status 201 ........................................................... passed
And match $.data.id == '#present' ......................................... passed
And match $.data.name == '#present' ....................................... passed
And match $.data.name == 'tom' ............................................ passed
And match $.data.email == requestPayload.email ............................ passed</system-out>
  </testcase>
</testsuite>
